
> design-system@0.1.0 build
> next build

▲ Next.js 16.1.6 (Turbopack)

  Creating an optimized production build ...
✓ Compiled successfully in 5.4s
  Running TypeScript ...
  Collecting page data using 11 workers ...
  Generating static pages using 11 workers (0/26) ...
  Generating static pages using 11 workers (6/26) 
  Generating static pages using 11 workers (12/26) 
  Generating static pages using 11 workers (19/26) 
✓ Generating static pages using 11 workers (26/26) in 855.6ms
  Finalizing page optimization ...

Route (app)
┌ ○ /
├ ○ /_not-found
├ ○ /accessibility
├ ○ /borders
├ ○ /breakpoints
├ ○ /colors
├ ○ /components
├ ○ /dark-mode
├ ○ /data-viz
├ ○ /elevation
├ ○ /feedback
├ ○ /forms
├ ○ /grid
├ ○ /icons
├ ○ /motion
├ ○ /navigation
├ ○ /patterns
├ ○ /principles
├ ○ /spacing
├ ○ /states
├ ○ /templates
├ ○ /tokens
├ ○ /typography
└ ○ /writing


○  (Static)  prerendered as static content

